<?xml version="1.0" encoding="UTF-8"?>
<!-- Generated by org.testng.reporters.JUnitReportReporter -->
<testsuite hostname="ngawangs10" failures="0" tests="6" name="testPages.HomePageTest" time="13.322" errors="0" timestamp="2023-01-08T01:29:26 GMT-05:00" skipped="5">
  <testcase classname="testPages.HomePageTest" name="use_of_selectByIndex_forDropdown" time="13.322"/>
  <system-out/>
  <testcase classname="testPages.HomePageTest" name="use_of_actions">
    <skipped/>
  </testcase> <!-- use_of_actions -->
  <system-out/>
  <testcase classname="testPages.HomePageTest" name="use_of_assert_method">
    <skipped/>
  </testcase> <!-- use_of_assert_method -->
  <system-out/>
  <testcase classname="testPages.HomePageTest" name="clickSelenium">
    <skipped/>
  </testcase> <!-- clickSelenium -->
  <system-out/>
  <testcase classname="testPages.HomePageTest" name="use_of_assertEquals_method">
    <skipped/>
  </testcase> <!-- use_of_assertEquals_method -->
  <system-out/>
  <testcase classname="testPages.HomePageTest" name="use_of_softAssertion_method">
    <skipped/>
  </testcase> <!-- use_of_softAssertion_method -->
  <system-out/>
</testsuite> <!-- testPages.HomePageTest -->
